Terminals unused in grammar

    righterror


State 10 conflicts: 1 shift/reduce
State 27 conflicts: 1 shift/reduce


Grammar

    0 $accept: Program $end

    1 Program: ExtDefList

    2 ExtDefList: ExtDef ExtDefList
    3           | ε

    4 ExtDef: Specifier ExtDecList SEMI
    5       | Specifier SEMI
    6       | Specifier FunDec CompSt
    7       | Specifier FunDec SEMI
    8       | error SEMI
    9       | error ExtDef
   10       | error CompSt
   11       | Specifier error SEMI
   12       | Specifier error CompSt

   13 ExtDecList: VarDec
   14           | VarDec COMMA ExtDecList

   15 Specifier: TYPE
   16          | StructSpecifier

   17 StructSpecifier: STRUCT OptTag LC DefList RC
   18                | STRUCT Tag

   19 OptTag: ID
   20       | ε

   21 Tag: ID

   22 VarDec: ID
   23       | VarDec LB INT RB

   24 FunDec: ID LP VarList RP
   25       | ID LP RP

   26 VarList: ParamDec COMMA VarList
   27        | ParamDec

   28 ParamDec: Specifier VarDec

   29 CompSt: LC DefList StmtList RC

   30 StmtList: Stmt StmtList
   31         | ε

   32 Stmt: Exp SEMI
   33     | CompSt
   34     | RETURN Exp SEMI
   35     | IF LP Exp RP Stmt
   36     | IF LP Exp RP Stmt ELSE Stmt
   37     | WHILE LP Exp RP Stmt
   38     | error Stmt
   39     | error RC

   40 DefList: Def DefList
   41        | ε

   42 Def: Specifier DecList SEMI
   43    | Specifier error SEMI
   44    | error Def
   45    | Specifier DecList error

   46 DecList: Dec
   47        | Dec COMMA DecList

   48 Dec: VarDec
   49    | VarDec ASSIGNOP Exp

   50 Exp: Exp ASSIGNOP Exp
   51    | Exp AND Exp
   52    | Exp OR Exp
   53    | Exp RELOP Exp
   54    | Exp PLUS Exp
   55    | Exp MINUS Exp
   56    | Exp STAR Exp
   57    | Exp DIV Exp
   58    | LP Exp RP
   59    | MINUS Exp
   60    | NOT Exp
   61    | ID LP Args RP
   62    | ID LP RP
   63    | Exp LB Exp RB
   64    | Exp DOT ID
   65    | ID
   66    | INT
   67    | FLOAT
   68    | LP error RP
   69    | LP Exp error
   70    | MINUS error
   71    | NOT error
   72    | ID LP error RP

   73 Args: Exp COMMA Args
   74     | Exp


Terminals, with rules where they appear

    $end (0) 0
    error (256) 8 9 10 11 12 38 39 43 44 45 68 69 70 71 72
    INT (258) 23 66
    FLOAT (259) 67
    ID (260) 19 21 22 24 25 61 62 64 65 72
    SEMI (261) 4 5 7 8 11 32 34 42 43
    COMMA (262) 14 26 47 73
    ASSIGNOP (263) 49 50
    RELOP (264) 53
    PLUS (265) 54
    MINUS (266) 55 59 70
    STAR (267) 56
    DIV (268) 57
    AND (269) 51
    OR (270) 52
    DOT (271) 64
    NOT (272) 60 71
    TYPE (273) 15
    LP (274) 24 25 35 36 37 58 61 62 68 69 72
    RP (275) 24 25 35 36 37 58 61 62 68 72
    LB (276) 23 63
    RB (277) 23 63
    LC (278) 17 29
    RC (279) 17 29 39
    STRUCT (280) 17 18
    RETURN (281) 34
    IF (282) 35 36
    ELSE (283) 36
    WHILE (284) 37
    NEG (285)
    LOWER_THAN_ELSE (286)
    righterror (287)


Nonterminals, with rules where they appear

    $accept (33)
        on left: 0
    Program (34)
        on left: 1
        on right: 0
    ExtDefList (35)
        on left: 2 3
        on right: 1 2
    ExtDef (36)
        on left: 4 5 6 7 8 9 10 11 12
        on right: 2 9
    ExtDecList (37)
        on left: 13 14
        on right: 4 14
    Specifier (38)
        on left: 15 16
        on right: 4 5 6 7 11 12 28 42 43 45
    StructSpecifier (39)
        on left: 17 18
        on right: 16
    OptTag (40)
        on left: 19 20
        on right: 17
    Tag (41)
        on left: 21
        on right: 18
    VarDec (42)
        on left: 22 23
        on right: 13 14 23 28 48 49
    FunDec (43)
        on left: 24 25
        on right: 6 7
    VarList (44)
        on left: 26 27
        on right: 24 26
    ParamDec (45)
        on left: 28
        on right: 26 27
    CompSt (46)
        on left: 29
        on right: 6 10 12 33
    StmtList (47)
        on left: 30 31
        on right: 29 30
    Stmt (48)
        on left: 32 33 34 35 36 37 38 39
        on right: 30 35 36 37 38
    DefList (49)
        on left: 40 41
        on right: 17 29 40
    Def (50)
        on left: 42 43 44 45
        on right: 40 44
    DecList (51)
        on left: 46 47
        on right: 42 45 47
    Dec (52)
        on left: 48 49
        on right: 46 47
    Exp (53)
        on left: 50 51 52 53 54 55 56 57 58 59 60 61 62 63 64 65 66 67 68 69 70 71 72
        on right: 32 34 35 36 37 49 50 51 52 53 54 55 56 57 58 59 60 63 64 69 73 74
    Args (54)
        on left: 73 74
        on right: 61 73


State 0

    0 $accept: • Program $end

    error   shift, and go to state 1
    TYPE    shift, and go to state 2
    STRUCT  shift, and go to state 3

    $end  reduce using rule 3 (ExtDefList)

    Program          go to state 4
    ExtDefList       go to state 5
    ExtDef           go to state 6
    Specifier        go to state 7
    StructSpecifier  go to state 8


State 1

    8 ExtDef: error • SEMI
    9       | error • ExtDef
   10       | error • CompSt

    error   shift, and go to state 1
    SEMI    shift, and go to state 9
    TYPE    shift, and go to state 2
    LC      shift, and go to state 10
    STRUCT  shift, and go to state 3

    ExtDef           go to state 11
    Specifier        go to state 7
    StructSpecifier  go to state 8
    CompSt           go to state 12


State 2

   15 Specifier: TYPE •

    $default  reduce using rule 15 (Specifier)


State 3

   17 StructSpecifier: STRUCT • OptTag LC DefList RC
   18                | STRUCT • Tag

    ID  shift, and go to state 13

    $default  reduce using rule 20 (OptTag)

    OptTag  go to state 14
    Tag     go to state 15


State 4

    0 $accept: Program • $end

    $end  shift, and go to state 16


State 5

    1 Program: ExtDefList •

    $default  reduce using rule 1 (Program)


State 6

    2 ExtDefList: ExtDef • ExtDefList

    error   shift, and go to state 1
    TYPE    shift, and go to state 2
    STRUCT  shift, and go to state 3

    $end  reduce using rule 3 (ExtDefList)

    ExtDefList       go to state 17
    ExtDef           go to state 6
    Specifier        go to state 7
    StructSpecifier  go to state 8


State 7

    4 ExtDef: Specifier • ExtDecList SEMI
    5       | Specifier • SEMI
    6       | Specifier • FunDec CompSt
    7       | Specifier • FunDec SEMI
   11       | Specifier • error SEMI
   12       | Specifier • error CompSt

    error  shift, and go to state 18
    ID     shift, and go to state 19
    SEMI   shift, and go to state 20

    ExtDecList  go to state 21
    VarDec      go to state 22
    FunDec      go to state 23


State 8

   16 Specifier: StructSpecifier •

    $default  reduce using rule 16 (Specifier)


State 9

    8 ExtDef: error SEMI •

    $default  reduce using rule 8 (ExtDef)


State 10

   29 CompSt: LC • DefList StmtList RC

    error   shift, and go to state 24
    TYPE    shift, and go to state 2
    STRUCT  shift, and go to state 3

    error   [reduce using rule 41 (DefList)]
    INT     reduce using rule 41 (DefList)
    FLOAT   reduce using rule 41 (DefList)
    ID      reduce using rule 41 (DefList)
    MINUS   reduce using rule 41 (DefList)
    NOT     reduce using rule 41 (DefList)
    LP      reduce using rule 41 (DefList)
    LC      reduce using rule 41 (DefList)
    RC      reduce using rule 41 (DefList)
    RETURN  reduce using rule 41 (DefList)
    IF      reduce using rule 41 (DefList)
    WHILE   reduce using rule 41 (DefList)

    Specifier        go to state 25
    StructSpecifier  go to state 8
    DefList          go to state 26
    Def              go to state 27


State 11

    9 ExtDef: error ExtDef •

    $default  reduce using rule 9 (ExtDef)


State 12

   10 ExtDef: error CompSt •

    $default  reduce using rule 10 (ExtDef)


State 13

   19 OptTag: ID •
   21 Tag: ID •

    LC        reduce using rule 19 (OptTag)
    $default  reduce using rule 21 (Tag)


State 14

   17 StructSpecifier: STRUCT OptTag • LC DefList RC

    LC  shift, and go to state 28


State 15

   18 StructSpecifier: STRUCT Tag •

    $default  reduce using rule 18 (StructSpecifier)


State 16

    0 $accept: Program $end •

    $default  accept


State 17

    2 ExtDefList: ExtDef ExtDefList •

    $default  reduce using rule 2 (ExtDefList)


State 18

   11 ExtDef: Specifier error • SEMI
   12       | Specifier error • CompSt

    SEMI  shift, and go to state 29
    LC    shift, and go to state 10

    CompSt  go to state 30


State 19

   22 VarDec: ID •
   24 FunDec: ID • LP VarList RP
   25       | ID • LP RP

    LP  shift, and go to state 31

    $default  reduce using rule 22 (VarDec)


State 20

    5 ExtDef: Specifier SEMI •

    $default  reduce using rule 5 (ExtDef)


State 21

    4 ExtDef: Specifier ExtDecList • SEMI

    SEMI  shift, and go to state 32


State 22

   13 ExtDecList: VarDec •
   14           | VarDec • COMMA ExtDecList
   23 VarDec: VarDec • LB INT RB

    COMMA  shift, and go to state 33
    LB     shift, and go to state 34

    $default  reduce using rule 13 (ExtDecList)


State 23

    6 ExtDef: Specifier FunDec • CompSt
    7       | Specifier FunDec • SEMI

    SEMI  shift, and go to state 35
    LC    shift, and go to state 10

    CompSt  go to state 36


State 24

   44 Def: error • Def

    error   shift, and go to state 24
    TYPE    shift, and go to state 2
    STRUCT  shift, and go to state 3

    Specifier        go to state 25
    StructSpecifier  go to state 8
    Def              go to state 37


State 25

   42 Def: Specifier • DecList SEMI
   43    | Specifier • error SEMI
   45    | Specifier • DecList error

    error  shift, and go to state 38
    ID     shift, and go to state 39

    VarDec   go to state 40
    DecList  go to state 41
    Dec      go to state 42


State 26

   29 CompSt: LC DefList • StmtList RC

    error   shift, and go to state 43
    INT     shift, and go to state 44
    FLOAT   shift, and go to state 45
    ID      shift, and go to state 46
    MINUS   shift, and go to state 47
    NOT     shift, and go to state 48
    LP      shift, and go to state 49
    LC      shift, and go to state 10
    RETURN  shift, and go to state 50
    IF      shift, and go to state 51
    WHILE   shift, and go to state 52

    RC  reduce using rule 31 (StmtList)

    CompSt    go to state 53
    StmtList  go to state 54
    Stmt      go to state 55
    Exp       go to state 56


State 27

   40 DefList: Def • DefList

    error   shift, and go to state 24
    TYPE    shift, and go to state 2
    STRUCT  shift, and go to state 3

    error   [reduce using rule 41 (DefList)]
    INT     reduce using rule 41 (DefList)
    FLOAT   reduce using rule 41 (DefList)
    ID      reduce using rule 41 (DefList)
    MINUS   reduce using rule 41 (DefList)
    NOT     reduce using rule 41 (DefList)
    LP      reduce using rule 41 (DefList)
    LC      reduce using rule 41 (DefList)
    RC      reduce using rule 41 (DefList)
    RETURN  reduce using rule 41 (DefList)
    IF      reduce using rule 41 (DefList)
    WHILE   reduce using rule 41 (DefList)

    Specifier        go to state 25
    StructSpecifier  go to state 8
    DefList          go to state 57
    Def              go to state 27


State 28

   17 StructSpecifier: STRUCT OptTag LC • DefList RC

    error   shift, and go to state 24
    TYPE    shift, and go to state 2
    STRUCT  shift, and go to state 3

    RC  reduce using rule 41 (DefList)

    Specifier        go to state 25
    StructSpecifier  go to state 8
    DefList          go to state 58
    Def              go to state 27


State 29

   11 ExtDef: Specifier error SEMI •

    $default  reduce using rule 11 (ExtDef)


State 30

   12 ExtDef: Specifier error CompSt •

    $default  reduce using rule 12 (ExtDef)


State 31

   24 FunDec: ID LP • VarList RP
   25       | ID LP • RP

    TYPE    shift, and go to state 2
    RP      shift, and go to state 59
    STRUCT  shift, and go to state 3

    Specifier        go to state 60
    StructSpecifier  go to state 8
    VarList          go to state 61
    ParamDec         go to state 62


State 32

    4 ExtDef: Specifier ExtDecList SEMI •

    $default  reduce using rule 4 (ExtDef)


State 33

   14 ExtDecList: VarDec COMMA • ExtDecList

    ID  shift, and go to state 39

    ExtDecList  go to state 63
    VarDec      go to state 22


State 34

   23 VarDec: VarDec LB • INT RB

    INT  shift, and go to state 64


State 35

    7 ExtDef: Specifier FunDec SEMI •

    $default  reduce using rule 7 (ExtDef)


State 36

    6 ExtDef: Specifier FunDec CompSt •

    $default  reduce using rule 6 (ExtDef)


State 37

   44 Def: error Def •

    $default  reduce using rule 44 (Def)


State 38

   43 Def: Specifier error • SEMI

    SEMI  shift, and go to state 65


State 39

   22 VarDec: ID •

    $default  reduce using rule 22 (VarDec)


State 40

   23 VarDec: VarDec • LB INT RB
   48 Dec: VarDec •
   49    | VarDec • ASSIGNOP Exp

    ASSIGNOP  shift, and go to state 66
    LB        shift, and go to state 34

    $default  reduce using rule 48 (Dec)


State 41

   42 Def: Specifier DecList • SEMI
   45    | Specifier DecList • error

    error  shift, and go to state 67
    SEMI   shift, and go to state 68


State 42

   46 DecList: Dec •
   47        | Dec • COMMA DecList

    COMMA  shift, and go to state 69

    $default  reduce using rule 46 (DecList)


State 43

   38 Stmt: error • Stmt
   39     | error • RC

    error   shift, and go to state 43
    INT     shift, and go to state 44
    FLOAT   shift, and go to state 45
    ID      shift, and go to state 46
    MINUS   shift, and go to state 47
    NOT     shift, and go to state 48
    LP      shift, and go to state 49
    LC      shift, and go to state 10
    RC      shift, and go to state 70
    RETURN  shift, and go to state 50
    IF      shift, and go to state 51
    WHILE   shift, and go to state 52

    CompSt  go to state 53
    Stmt    go to state 71
    Exp     go to state 56


State 44

   66 Exp: INT •

    $default  reduce using rule 66 (Exp)


State 45

   67 Exp: FLOAT •

    $default  reduce using rule 67 (Exp)


State 46

   61 Exp: ID • LP Args RP
   62    | ID • LP RP
   65    | ID •
   72    | ID • LP error RP

    LP  shift, and go to state 72

    $default  reduce using rule 65 (Exp)


State 47

   59 Exp: MINUS • Exp
   70    | MINUS • error

    error  shift, and go to state 73
    INT    shift, and go to state 44
    FLOAT  shift, and go to state 45
    ID     shift, and go to state 46
    MINUS  shift, and go to state 47
    NOT    shift, and go to state 48
    LP     shift, and go to state 49

    Exp  go to state 74


State 48

   60 Exp: NOT • Exp
   71    | NOT • error

    error  shift, and go to state 75
    INT    shift, and go to state 44
    FLOAT  shift, and go to state 45
    ID     shift, and go to state 46
    MINUS  shift, and go to state 47
    NOT    shift, and go to state 48
    LP     shift, and go to state 49

    Exp  go to state 76


State 49

   58 Exp: LP • Exp RP
   68    | LP • error RP
   69    | LP • Exp error

    error  shift, and go to state 77
    INT    shift, and go to state 44
    FLOAT  shift, and go to state 45
    ID     shift, and go to state 46
    MINUS  shift, and go to state 47
    NOT    shift, and go to state 48
    LP     shift, and go to state 49

    Exp  go to state 78


State 50

   34 Stmt: RETURN • Exp SEMI

    INT    shift, and go to state 44
    FLOAT  shift, and go to state 45
    ID     shift, and go to state 46
    MINUS  shift, and go to state 47
    NOT    shift, and go to state 48
    LP     shift, and go to state 49

    Exp  go to state 79


State 51

   35 Stmt: IF • LP Exp RP Stmt
   36     | IF • LP Exp RP Stmt ELSE Stmt

    LP  shift, and go to state 80


State 52

   37 Stmt: WHILE • LP Exp RP Stmt

    LP  shift, and go to state 81


State 53

   33 Stmt: CompSt •

    $default  reduce using rule 33 (Stmt)


State 54

   29 CompSt: LC DefList StmtList • RC

    RC  shift, and go to state 82


State 55

   30 StmtList: Stmt • StmtList

    error   shift, and go to state 43
    INT     shift, and go to state 44
    FLOAT   shift, and go to state 45
    ID      shift, and go to state 46
    MINUS   shift, and go to state 47
    NOT     shift, and go to state 48
    LP      shift, and go to state 49
    LC      shift, and go to state 10
    RETURN  shift, and go to state 50
    IF      shift, and go to state 51
    WHILE   shift, and go to state 52

    RC  reduce using rule 31 (StmtList)

    CompSt    go to state 53
    StmtList  go to state 83
    Stmt      go to state 55
    Exp       go to state 56


State 56

   32 Stmt: Exp • SEMI
   50 Exp: Exp • ASSIGNOP Exp
   51    | Exp • AND Exp
   52    | Exp • OR Exp
   53    | Exp • RELOP Exp
   54    | Exp • PLUS Exp
   55    | Exp • MINUS Exp
   56    | Exp • STAR Exp
   57    | Exp • DIV Exp
   63    | Exp • LB Exp RB
   64    | Exp • DOT ID

    SEMI      shift, and go to state 84
    ASSIGNOP  shift, and go to state 85
    RELOP     shift, and go to state 86
    PLUS      shift, and go to state 87
    MINUS     shift, and go to state 88
    STAR      shift, and go to state 89
    DIV       shift, and go to state 90
    AND       shift, and go to state 91
    OR        shift, and go to state 92
    DOT       shift, and go to state 93
    LB        shift, and go to state 94


State 57

   40 DefList: Def DefList •

    $default  reduce using rule 40 (DefList)


State 58

   17 StructSpecifier: STRUCT OptTag LC DefList • RC

    RC  shift, and go to state 95


State 59

   25 FunDec: ID LP RP •

    $default  reduce using rule 25 (FunDec)


State 60

   28 ParamDec: Specifier • VarDec

    ID  shift, and go to state 39

    VarDec  go to state 96


State 61

   24 FunDec: ID LP VarList • RP

    RP  shift, and go to state 97


State 62

   26 VarList: ParamDec • COMMA VarList
   27        | ParamDec •

    COMMA  shift, and go to state 98

    $default  reduce using rule 27 (VarList)


State 63

   14 ExtDecList: VarDec COMMA ExtDecList •

    $default  reduce using rule 14 (ExtDecList)


State 64

   23 VarDec: VarDec LB INT • RB

    RB  shift, and go to state 99


State 65

   43 Def: Specifier error SEMI •

    $default  reduce using rule 43 (Def)


State 66

   49 Dec: VarDec ASSIGNOP • Exp

    INT    shift, and go to state 44
    FLOAT  shift, and go to state 45
    ID     shift, and go to state 46
    MINUS  shift, and go to state 47
    NOT    shift, and go to state 48
    LP     shift, and go to state 49

    Exp  go to state 100


State 67

   45 Def: Specifier DecList error •

    $default  reduce using rule 45 (Def)


State 68

   42 Def: Specifier DecList SEMI •

    $default  reduce using rule 42 (Def)


State 69

   47 DecList: Dec COMMA • DecList

    ID  shift, and go to state 39

    VarDec   go to state 40
    DecList  go to state 101
    Dec      go to state 42


State 70

   39 Stmt: error RC •

    $default  reduce using rule 39 (Stmt)


State 71

   38 Stmt: error Stmt •

    $default  reduce using rule 38 (Stmt)


State 72

   61 Exp: ID LP • Args RP
   62    | ID LP • RP
   72    | ID LP • error RP

    error  shift, and go to state 102
    INT    shift, and go to state 44
    FLOAT  shift, and go to state 45
    ID     shift, and go to state 46
    MINUS  shift, and go to state 47
    NOT    shift, and go to state 48
    LP     shift, and go to state 49
    RP     shift, and go to state 103

    Exp   go to state 104
    Args  go to state 105


State 73

   70 Exp: MINUS error •

    $default  reduce using rule 70 (Exp)


State 74

   50 Exp: Exp • ASSIGNOP Exp
   51    | Exp • AND Exp
   52    | Exp • OR Exp
   53    | Exp • RELOP Exp
   54    | Exp • PLUS Exp
   55    | Exp • MINUS Exp
   56    | Exp • STAR Exp
   57    | Exp • DIV Exp
   59    | MINUS Exp •
   63    | Exp • LB Exp RB
   64    | Exp • DOT ID

    DOT  shift, and go to state 93
    LB   shift, and go to state 94

    $default  reduce using rule 59 (Exp)


State 75

   71 Exp: NOT error •

    $default  reduce using rule 71 (Exp)


State 76

   50 Exp: Exp • ASSIGNOP Exp
   51    | Exp • AND Exp
   52    | Exp • OR Exp
   53    | Exp • RELOP Exp
   54    | Exp • PLUS Exp
   55    | Exp • MINUS Exp
   56    | Exp • STAR Exp
   57    | Exp • DIV Exp
   60    | NOT Exp •
   63    | Exp • LB Exp RB
   64    | Exp • DOT ID

    DOT  shift, and go to state 93
    LB   shift, and go to state 94

    $default  reduce using rule 60 (Exp)


State 77

   68 Exp: LP error • RP

    RP  shift, and go to state 106


State 78

   50 Exp: Exp • ASSIGNOP Exp
   51    | Exp • AND Exp
   52    | Exp • OR Exp
   53    | Exp • RELOP Exp
   54    | Exp • PLUS Exp
   55    | Exp • MINUS Exp
   56    | Exp • STAR Exp
   57    | Exp • DIV Exp
   58    | LP Exp • RP
   63    | Exp • LB Exp RB
   64    | Exp • DOT ID
   69    | LP Exp • error

    error     shift, and go to state 107
    ASSIGNOP  shift, and go to state 85
    RELOP     shift, and go to state 86
    PLUS      shift, and go to state 87
    MINUS     shift, and go to state 88
    STAR      shift, and go to state 89
    DIV       shift, and go to state 90
    AND       shift, and go to state 91
    OR        shift, and go to state 92
    DOT       shift, and go to state 93
    RP        shift, and go to state 108
    LB        shift, and go to state 94


State 79

   34 Stmt: RETURN Exp • SEMI
   50 Exp: Exp • ASSIGNOP Exp
   51    | Exp • AND Exp
   52    | Exp • OR Exp
   53    | Exp • RELOP Exp
   54    | Exp • PLUS Exp
   55    | Exp • MINUS Exp
   56    | Exp • STAR Exp
   57    | Exp • DIV Exp
   63    | Exp • LB Exp RB
   64    | Exp • DOT ID

    SEMI      shift, and go to state 109
    ASSIGNOP  shift, and go to state 85
    RELOP     shift, and go to state 86
    PLUS      shift, and go to state 87
    MINUS     shift, and go to state 88
    STAR      shift, and go to state 89
    DIV       shift, and go to state 90
    AND       shift, and go to state 91
    OR        shift, and go to state 92
    DOT       shift, and go to state 93
    LB        shift, and go to state 94


State 80

   35 Stmt: IF LP • Exp RP Stmt
   36     | IF LP • Exp RP Stmt ELSE Stmt

    INT    shift, and go to state 44
    FLOAT  shift, and go to state 45
    ID     shift, and go to state 46
    MINUS  shift, and go to state 47
    NOT    shift, and go to state 48
    LP     shift, and go to state 49

    Exp  go to state 110


State 81

   37 Stmt: WHILE LP • Exp RP Stmt

    INT    shift, and go to state 44
    FLOAT  shift, and go to state 45
    ID     shift, and go to state 46
    MINUS  shift, and go to state 47
    NOT    shift, and go to state 48
    LP     shift, and go to state 49

    Exp  go to state 111


State 82

   29 CompSt: LC DefList StmtList RC •

    $default  reduce using rule 29 (CompSt)


State 83

   30 StmtList: Stmt StmtList •

    $default  reduce using rule 30 (StmtList)


State 84

   32 Stmt: Exp SEMI •

    $default  reduce using rule 32 (Stmt)


State 85

   50 Exp: Exp ASSIGNOP • Exp

    INT    shift, and go to state 44
    FLOAT  shift, and go to state 45
    ID     shift, and go to state 46
    MINUS  shift, and go to state 47
    NOT    shift, and go to state 48
    LP     shift, and go to state 49

    Exp  go to state 112


State 86

   53 Exp: Exp RELOP • Exp

    INT    shift, and go to state 44
    FLOAT  shift, and go to state 45
    ID     shift, and go to state 46
    MINUS  shift, and go to state 47
    NOT    shift, and go to state 48
    LP     shift, and go to state 49

    Exp  go to state 113


State 87

   54 Exp: Exp PLUS • Exp

    INT    shift, and go to state 44
    FLOAT  shift, and go to state 45
    ID     shift, and go to state 46
    MINUS  shift, and go to state 47
    NOT    shift, and go to state 48
    LP     shift, and go to state 49

    Exp  go to state 114


State 88

   55 Exp: Exp MINUS • Exp

    INT    shift, and go to state 44
    FLOAT  shift, and go to state 45
    ID     shift, and go to state 46
    MINUS  shift, and go to state 47
    NOT    shift, and go to state 48
    LP     shift, and go to state 49

    Exp  go to state 115


State 89

   56 Exp: Exp STAR • Exp

    INT    shift, and go to state 44
    FLOAT  shift, and go to state 45
    ID     shift, and go to state 46
    MINUS  shift, and go to state 47
    NOT    shift, and go to state 48
    LP     shift, and go to state 49

    Exp  go to state 116


State 90

   57 Exp: Exp DIV • Exp

    INT    shift, and go to state 44
    FLOAT  shift, and go to state 45
    ID     shift, and go to state 46
    MINUS  shift, and go to state 47
    NOT    shift, and go to state 48
    LP     shift, and go to state 49

    Exp  go to state 117


State 91

   51 Exp: Exp AND • Exp

    INT    shift, and go to state 44
    FLOAT  shift, and go to state 45
    ID     shift, and go to state 46
    MINUS  shift, and go to state 47
    NOT    shift, and go to state 48
    LP     shift, and go to state 49

    Exp  go to state 118


State 92

   52 Exp: Exp OR • Exp

    INT    shift, and go to state 44
    FLOAT  shift, and go to state 45
    ID     shift, and go to state 46
    MINUS  shift, and go to state 47
    NOT    shift, and go to state 48
    LP     shift, and go to state 49

    Exp  go to state 119


State 93

   64 Exp: Exp DOT • ID

    ID  shift, and go to state 120


State 94

   63 Exp: Exp LB • Exp RB

    INT    shift, and go to state 44
    FLOAT  shift, and go to state 45
    ID     shift, and go to state 46
    MINUS  shift, and go to state 47
    NOT    shift, and go to state 48
    LP     shift, and go to state 49

    Exp  go to state 121


State 95

   17 StructSpecifier: STRUCT OptTag LC DefList RC •

    $default  reduce using rule 17 (StructSpecifier)


State 96

   23 VarDec: VarDec • LB INT RB
   28 ParamDec: Specifier VarDec •

    LB  shift, and go to state 34

    $default  reduce using rule 28 (ParamDec)


State 97

   24 FunDec: ID LP VarList RP •

    $default  reduce using rule 24 (FunDec)


State 98

   26 VarList: ParamDec COMMA • VarList

    TYPE    shift, and go to state 2
    STRUCT  shift, and go to state 3

    Specifier        go to state 60
    StructSpecifier  go to state 8
    VarList          go to state 122
    ParamDec         go to state 62


State 99

   23 VarDec: VarDec LB INT RB •

    $default  reduce using rule 23 (VarDec)


State 100

   49 Dec: VarDec ASSIGNOP Exp •
   50 Exp: Exp • ASSIGNOP Exp
   51    | Exp • AND Exp
   52    | Exp • OR Exp
   53    | Exp • RELOP Exp
   54    | Exp • PLUS Exp
   55    | Exp • MINUS Exp
   56    | Exp • STAR Exp
   57    | Exp • DIV Exp
   63    | Exp • LB Exp RB
   64    | Exp • DOT ID

    ASSIGNOP  shift, and go to state 85
    RELOP     shift, and go to state 86
    PLUS      shift, and go to state 87
    MINUS     shift, and go to state 88
    STAR      shift, and go to state 89
    DIV       shift, and go to state 90
    AND       shift, and go to state 91
    OR        shift, and go to state 92
    DOT       shift, and go to state 93
    LB        shift, and go to state 94

    $default  reduce using rule 49 (Dec)


State 101

   47 DecList: Dec COMMA DecList •

    $default  reduce using rule 47 (DecList)


State 102

   72 Exp: ID LP error • RP

    RP  shift, and go to state 123


State 103

   62 Exp: ID LP RP •

    $default  reduce using rule 62 (Exp)


State 104

   50 Exp: Exp • ASSIGNOP Exp
   51    | Exp • AND Exp
   52    | Exp • OR Exp
   53    | Exp • RELOP Exp
   54    | Exp • PLUS Exp
   55    | Exp • MINUS Exp
   56    | Exp • STAR Exp
   57    | Exp • DIV Exp
   63    | Exp • LB Exp RB
   64    | Exp • DOT ID
   73 Args: Exp • COMMA Args
   74     | Exp •

    COMMA     shift, and go to state 124
    ASSIGNOP  shift, and go to state 85
    RELOP     shift, and go to state 86
    PLUS      shift, and go to state 87
    MINUS     shift, and go to state 88
    STAR      shift, and go to state 89
    DIV       shift, and go to state 90
    AND       shift, and go to state 91
    OR        shift, and go to state 92
    DOT       shift, and go to state 93
    LB        shift, and go to state 94

    $default  reduce using rule 74 (Args)


State 105

   61 Exp: ID LP Args • RP

    RP  shift, and go to state 125


State 106

   68 Exp: LP error RP •

    $default  reduce using rule 68 (Exp)


State 107

   69 Exp: LP Exp error •

    $default  reduce using rule 69 (Exp)


State 108

   58 Exp: LP Exp RP •

    $default  reduce using rule 58 (Exp)


State 109

   34 Stmt: RETURN Exp SEMI •

    $default  reduce using rule 34 (Stmt)


State 110

   35 Stmt: IF LP Exp • RP Stmt
   36     | IF LP Exp • RP Stmt ELSE Stmt
   50 Exp: Exp • ASSIGNOP Exp
   51    | Exp • AND Exp
   52    | Exp • OR Exp
   53    | Exp • RELOP Exp
   54    | Exp • PLUS Exp
   55    | Exp • MINUS Exp
   56    | Exp • STAR Exp
   57    | Exp • DIV Exp
   63    | Exp • LB Exp RB
   64    | Exp • DOT ID

    ASSIGNOP  shift, and go to state 85
    RELOP     shift, and go to state 86
    PLUS      shift, and go to state 87
    MINUS     shift, and go to state 88
    STAR      shift, and go to state 89
    DIV       shift, and go to state 90
    AND       shift, and go to state 91
    OR        shift, and go to state 92
    DOT       shift, and go to state 93
    RP        shift, and go to state 126
    LB        shift, and go to state 94


State 111

   37 Stmt: WHILE LP Exp • RP Stmt
   50 Exp: Exp • ASSIGNOP Exp
   51    | Exp • AND Exp
   52    | Exp • OR Exp
   53    | Exp • RELOP Exp
   54    | Exp • PLUS Exp
   55    | Exp • MINUS Exp
   56    | Exp • STAR Exp
   57    | Exp • DIV Exp
   63    | Exp • LB Exp RB
   64    | Exp • DOT ID

    ASSIGNOP  shift, and go to state 85
    RELOP     shift, and go to state 86
    PLUS      shift, and go to state 87
    MINUS     shift, and go to state 88
    STAR      shift, and go to state 89
    DIV       shift, and go to state 90
    AND       shift, and go to state 91
    OR        shift, and go to state 92
    DOT       shift, and go to state 93
    RP        shift, and go to state 127
    LB        shift, and go to state 94


State 112

   50 Exp: Exp • ASSIGNOP Exp
   50    | Exp ASSIGNOP Exp •
   51    | Exp • AND Exp
   52    | Exp • OR Exp
   53    | Exp • RELOP Exp
   54    | Exp • PLUS Exp
   55    | Exp • MINUS Exp
   56    | Exp • STAR Exp
   57    | Exp • DIV Exp
   63    | Exp • LB Exp RB
   64    | Exp • DOT ID

    ASSIGNOP  shift, and go to state 85
    RELOP     shift, and go to state 86
    PLUS      shift, and go to state 87
    MINUS     shift, and go to state 88
    STAR      shift, and go to state 89
    DIV       shift, and go to state 90
    AND       shift, and go to state 91
    OR        shift, and go to state 92
    DOT       shift, and go to state 93
    LB        shift, and go to state 94

    $default  reduce using rule 50 (Exp)


State 113

   50 Exp: Exp • ASSIGNOP Exp
   51    | Exp • AND Exp
   52    | Exp • OR Exp
   53    | Exp • RELOP Exp
   53    | Exp RELOP Exp •
   54    | Exp • PLUS Exp
   55    | Exp • MINUS Exp
   56    | Exp • STAR Exp
   57    | Exp • DIV Exp
   63    | Exp • LB Exp RB
   64    | Exp • DOT ID

    PLUS   shift, and go to state 87
    MINUS  shift, and go to state 88
    STAR   shift, and go to state 89
    DIV    shift, and go to state 90
    DOT    shift, and go to state 93
    LB     shift, and go to state 94

    $default  reduce using rule 53 (Exp)


State 114

   50 Exp: Exp • ASSIGNOP Exp
   51    | Exp • AND Exp
   52    | Exp • OR Exp
   53    | Exp • RELOP Exp
   54    | Exp • PLUS Exp
   54    | Exp PLUS Exp •
   55    | Exp • MINUS Exp
   56    | Exp • STAR Exp
   57    | Exp • DIV Exp
   63    | Exp • LB Exp RB
   64    | Exp • DOT ID

    STAR  shift, and go to state 89
    DIV   shift, and go to state 90
    DOT   shift, and go to state 93
    LB    shift, and go to state 94

    $default  reduce using rule 54 (Exp)


State 115

   50 Exp: Exp • ASSIGNOP Exp
   51    | Exp • AND Exp
   52    | Exp • OR Exp
   53    | Exp • RELOP Exp
   54    | Exp • PLUS Exp
   55    | Exp • MINUS Exp
   55    | Exp MINUS Exp •
   56    | Exp • STAR Exp
   57    | Exp • DIV Exp
   63    | Exp • LB Exp RB
   64    | Exp • DOT ID

    STAR  shift, and go to state 89
    DIV   shift, and go to state 90
    DOT   shift, and go to state 93
    LB    shift, and go to state 94

    $default  reduce using rule 55 (Exp)


State 116

   50 Exp: Exp • ASSIGNOP Exp
   51    | Exp • AND Exp
   52    | Exp • OR Exp
   53    | Exp • RELOP Exp
   54    | Exp • PLUS Exp
   55    | Exp • MINUS Exp
   56    | Exp • STAR Exp
   56    | Exp STAR Exp •
   57    | Exp • DIV Exp
   63    | Exp • LB Exp RB
   64    | Exp • DOT ID

    DOT  shift, and go to state 93
    LB   shift, and go to state 94

    $default  reduce using rule 56 (Exp)


State 117

   50 Exp: Exp • ASSIGNOP Exp
   51    | Exp • AND Exp
   52    | Exp • OR Exp
   53    | Exp • RELOP Exp
   54    | Exp • PLUS Exp
   55    | Exp • MINUS Exp
   56    | Exp • STAR Exp
   57    | Exp • DIV Exp
   57    | Exp DIV Exp •
   63    | Exp • LB Exp RB
   64    | Exp • DOT ID

    DOT  shift, and go to state 93
    LB   shift, and go to state 94

    $default  reduce using rule 57 (Exp)


State 118

   50 Exp: Exp • ASSIGNOP Exp
   51    | Exp • AND Exp
   51    | Exp AND Exp •
   52    | Exp • OR Exp
   53    | Exp • RELOP Exp
   54    | Exp • PLUS Exp
   55    | Exp • MINUS Exp
   56    | Exp • STAR Exp
   57    | Exp • DIV Exp
   63    | Exp • LB Exp RB
   64    | Exp • DOT ID

    RELOP  shift, and go to state 86
    PLUS   shift, and go to state 87
    MINUS  shift, and go to state 88
    STAR   shift, and go to state 89
    DIV    shift, and go to state 90
    DOT    shift, and go to state 93
    LB     shift, and go to state 94

    $default  reduce using rule 51 (Exp)


State 119

   50 Exp: Exp • ASSIGNOP Exp
   51    | Exp • AND Exp
   52    | Exp • OR Exp
   52    | Exp OR Exp •
   53    | Exp • RELOP Exp
   54    | Exp • PLUS Exp
   55    | Exp • MINUS Exp
   56    | Exp • STAR Exp
   57    | Exp • DIV Exp
   63    | Exp • LB Exp RB
   64    | Exp • DOT ID

    RELOP  shift, and go to state 86
    PLUS   shift, and go to state 87
    MINUS  shift, and go to state 88
    STAR   shift, and go to state 89
    DIV    shift, and go to state 90
    DOT    shift, and go to state 93
    LB     shift, and go to state 94

    $default  reduce using rule 52 (Exp)


State 120

   64 Exp: Exp DOT ID •

    $default  reduce using rule 64 (Exp)


State 121

   50 Exp: Exp • ASSIGNOP Exp
   51    | Exp • AND Exp
   52    | Exp • OR Exp
   53    | Exp • RELOP Exp
   54    | Exp • PLUS Exp
   55    | Exp • MINUS Exp
   56    | Exp • STAR Exp
   57    | Exp • DIV Exp
   63    | Exp • LB Exp RB
   63    | Exp LB Exp • RB
   64    | Exp • DOT ID

    ASSIGNOP  shift, and go to state 85
    RELOP     shift, and go to state 86
    PLUS      shift, and go to state 87
    MINUS     shift, and go to state 88
    STAR      shift, and go to state 89
    DIV       shift, and go to state 90
    AND       shift, and go to state 91
    OR        shift, and go to state 92
    DOT       shift, and go to state 93
    LB        shift, and go to state 94
    RB        shift, and go to state 128


State 122

   26 VarList: ParamDec COMMA VarList •

    $default  reduce using rule 26 (VarList)


State 123

   72 Exp: ID LP error RP •

    $default  reduce using rule 72 (Exp)


State 124

   73 Args: Exp COMMA • Args

    INT    shift, and go to state 44
    FLOAT  shift, and go to state 45
    ID     shift, and go to state 46
    MINUS  shift, and go to state 47
    NOT    shift, and go to state 48
    LP     shift, and go to state 49

    Exp   go to state 104
    Args  go to state 129


State 125

   61 Exp: ID LP Args RP •

    $default  reduce using rule 61 (Exp)


State 126

   35 Stmt: IF LP Exp RP • Stmt
   36     | IF LP Exp RP • Stmt ELSE Stmt

    error   shift, and go to state 43
    INT     shift, and go to state 44
    FLOAT   shift, and go to state 45
    ID      shift, and go to state 46
    MINUS   shift, and go to state 47
    NOT     shift, and go to state 48
    LP      shift, and go to state 49
    LC      shift, and go to state 10
    RETURN  shift, and go to state 50
    IF      shift, and go to state 51
    WHILE   shift, and go to state 52

    CompSt  go to state 53
    Stmt    go to state 130
    Exp     go to state 56


State 127

   37 Stmt: WHILE LP Exp RP • Stmt

    error   shift, and go to state 43
    INT     shift, and go to state 44
    FLOAT   shift, and go to state 45
    ID      shift, and go to state 46
    MINUS   shift, and go to state 47
    NOT     shift, and go to state 48
    LP      shift, and go to state 49
    LC      shift, and go to state 10
    RETURN  shift, and go to state 50
    IF      shift, and go to state 51
    WHILE   shift, and go to state 52

    CompSt  go to state 53
    Stmt    go to state 131
    Exp     go to state 56


State 128

   63 Exp: Exp LB Exp RB •

    $default  reduce using rule 63 (Exp)


State 129

   73 Args: Exp COMMA Args •

    $default  reduce using rule 73 (Args)


State 130

   35 Stmt: IF LP Exp RP Stmt •
   36     | IF LP Exp RP Stmt • ELSE Stmt

    ELSE  shift, and go to state 132

    $default  reduce using rule 35 (Stmt)


State 131

   37 Stmt: WHILE LP Exp RP Stmt •

    $default  reduce using rule 37 (Stmt)


State 132

   36 Stmt: IF LP Exp RP Stmt ELSE • Stmt

    error   shift, and go to state 43
    INT     shift, and go to state 44
    FLOAT   shift, and go to state 45
    ID      shift, and go to state 46
    MINUS   shift, and go to state 47
    NOT     shift, and go to state 48
    LP      shift, and go to state 49
    LC      shift, and go to state 10
    RETURN  shift, and go to state 50
    IF      shift, and go to state 51
    WHILE   shift, and go to state 52

    CompSt  go to state 53
    Stmt    go to state 133
    Exp     go to state 56


State 133

   36 Stmt: IF LP Exp RP Stmt ELSE Stmt •

    $default  reduce using rule 36 (Stmt)
